-------------------------------------------------------------------------------
Test set: TestSuite
-------------------------------------------------------------------------------
Tests run: 1, Failures: 1, Errors: 0, Skipped: 0, Time elapsed: 339.241 s <<< FAILURE! - in TestSuite
com.Flipkart.Electonics.Mobile.MobilePhonesIndex.mobile  Time elapsed: 37.561 s  <<< FAILURE!
junit.framework.AssertionFailedError
	at com.Flipkart.Electonics.Mobile.MobilePhonesIndex.mobile(MobilePhonesIndex.java:80)

