<?xml version="1.0" encoding="UTF-8"?>
<testng-results skipped="0" failed="0" ignored="0" total="1" passed="1">
  <reporter-output>
    <line>
      <![CDATA[<b><Font color='BLUE'>Step 1: Open thehttps://www.flipkart.com/<font><br><b>]]>
    </line>
    <line>
      <![CDATA[<u><Font color='Black'>Verify the 'X' button is available<font><br></u>]]>
    </line>
    <line>
      <![CDATA[<b><Font color='green'>Result is Pass:✕ button is shown<font><br><b>]]>
    </line>
    <line>
      <![CDATA[<b><Font color='BLUE'>Step 2: Click on 'X' button<font><br><b>]]>
    </line>
    <line>
      <![CDATA[<u><Font color='Black'>Verify the 'Electronics' button is available<font><br></u>]]>
    </line>
    <line>
      <![CDATA[<b><Font color='green'>Result is Pass:Electronics button is shown<font><br><b>]]>
    </line>
    <line>
      <![CDATA[<b><Font color='BLUE'>Step 3: Hower on 'Electronics' button<font><br><b>]]>
    </line>
    <line>
      <![CDATA[<b><Font color='BLUE'>Step 4: Click and select on mobile brands<font><br><b>]]>
    </line>
    <line>
      <![CDATA[<b><Font color='BLUE'>Step 5: Click and drag the price slider<font><br><b>]]>
    </line>
    <line>
      <![CDATA[<b><Font color='BLUE'>Step 6: Click on '4 GB' check box<font><br><b>]]>
    </line>
    <line>
      <![CDATA[<b><Font color='BLUE'>Step 7: Click on ''Product Item link<font><br><b>]]>
    </line>
    <line>
      <![CDATA[<b><Font color='BLUE'>Step 8: Click on ''Add to Cart' link<font><br><b>]]>
    </line>
  </reporter-output>
  <suite name="Default suite" duration-ms="117778" started-at="2020-05-06T12:05:12Z" finished-at="2020-05-06T12:07:09Z">
    <groups>
    </groups>
    <test name="Default test" duration-ms="117778" started-at="2020-05-06T12:05:12Z" finished-at="2020-05-06T12:07:09Z">
      <class name="com.Flipkart.Electonics.Mobile.MobilePhonesIndex">
        <test-method status="PASS" signature="fetchSuiteConfiguration()[pri:0, instance:com.Flipkart.Electonics.Mobile.MobilePhonesIndex@7cd62f43]" name="fetchSuiteConfiguration" is-config="true" duration-ms="19" started-at="2020-05-06T12:05:12Z" finished-at="2020-05-06T12:05:12Z">
          <reporter-output>
          </reporter-output>
        </test-method> <!-- fetchSuiteConfiguration -->
        <test-method status="PASS" signature="BrowserSetup()[pri:0, instance:com.Flipkart.Electonics.Mobile.MobilePhonesIndex@7cd62f43]" name="BrowserSetup" is-config="true" duration-ms="92274" started-at="2020-05-06T12:05:12Z" finished-at="2020-05-06T12:06:44Z">
          <reporter-output>
          </reporter-output>
        </test-method> <!-- BrowserSetup -->
        <test-method status="PASS" signature="mobile()[pri:0, instance:com.Flipkart.Electonics.Mobile.MobilePhonesIndex@7cd62f43]" name="mobile" duration-ms="24592" started-at="2020-05-06T12:06:44Z" finished-at="2020-05-06T12:07:08Z">
          <reporter-output>
            <line>
              <![CDATA[<b><Font color='BLUE'>Step 1: Open thehttps://www.flipkart.com/<font><br><b>]]>
            </line>
            <line>
              <![CDATA[<u><Font color='Black'>Verify the 'X' button is available<font><br></u>]]>
            </line>
            <line>
              <![CDATA[<b><Font color='green'>Result is Pass:✕ button is shown<font><br><b>]]>
            </line>
            <line>
              <![CDATA[<b><Font color='BLUE'>Step 2: Click on 'X' button<font><br><b>]]>
            </line>
            <line>
              <![CDATA[<u><Font color='Black'>Verify the 'Electronics' button is available<font><br></u>]]>
            </line>
            <line>
              <![CDATA[<b><Font color='green'>Result is Pass:Electronics button is shown<font><br><b>]]>
            </line>
            <line>
              <![CDATA[<b><Font color='BLUE'>Step 3: Hower on 'Electronics' button<font><br><b>]]>
            </line>
            <line>
              <![CDATA[<b><Font color='BLUE'>Step 4: Click and select on mobile brands<font><br><b>]]>
            </line>
            <line>
              <![CDATA[<b><Font color='BLUE'>Step 5: Click and drag the price slider<font><br><b>]]>
            </line>
            <line>
              <![CDATA[<b><Font color='BLUE'>Step 6: Click on '4 GB' check box<font><br><b>]]>
            </line>
            <line>
              <![CDATA[<b><Font color='BLUE'>Step 7: Click on ''Product Item link<font><br><b>]]>
            </line>
            <line>
              <![CDATA[<b><Font color='BLUE'>Step 8: Click on ''Add to Cart' link<font><br><b>]]>
            </line>
          </reporter-output>
        </test-method> <!-- mobile -->
        <test-method status="PASS" signature="postConfig(org.testng.ITestResult)[pri:0, instance:com.Flipkart.Electonics.Mobile.MobilePhonesIndex@7cd62f43]" name="postConfig" is-config="true" duration-ms="300" started-at="2020-05-06T12:07:08Z" finished-at="2020-05-06T12:07:09Z">
          <params>
            <param index="0">
              <value>
                <![CDATA[[TestResult name=mobile status=SUCCESS method=MobilePhonesIndex.mobile()[pri:0, instance:com.Flipkart.Electonics.Mobile.MobilePhonesIndex@7cd62f43] output=<b><Font color='BLUE'>Step 1: Open thehttps://www.flipkart.com/<font><br><b>]]]>
              </value>
            </param>
          </params>
          <reporter-output>
          </reporter-output>
        </test-method> <!-- postConfig -->
      </class> <!-- com.Flipkart.Electonics.Mobile.MobilePhonesIndex -->
    </test> <!-- Default test -->
  </suite> <!-- Default suite -->
</testng-results>
